<?xml version="1.0" encoding="UTF-8"?>
<!-- Generated by org.testng.reporters.JUnitReportReporter -->
<testsuite hostname="DESKTOP-AG4Q1E3" failures="0" tests="1" name="com.walmart.qa.test.Siginpagetest" time="15.026" errors="0" timestamp="03 Feb. 2021 03:50:41 GMT" skipped="0">
  <testcase classname="com.walmart.qa.test.Siginpagetest" name="Entersignininfo" time="15.026"/>
</testsuite> <!-- com.walmart.qa.test.Siginpagetest -->
