<?xml version="1.0" encoding="UTF-8"?>
<!-- Generated by org.testng.reporters.JUnitReportReporter -->
<testsuite hostname="DESKTOP-AG4Q1E3" failures="0" tests="1" name="com.walmart.qa.test.ShoppingcartModuleTest" time="29.386" errors="0" timestamp="03 Feb. 2021 23:47:58 GMT" skipped="0">
  <testcase classname="com.walmart.qa.test.ShoppingcartModuleTest" name="deleteallitemfromcarts" time="29.386"/>
</testsuite> <!-- com.walmart.qa.test.ShoppingcartModuleTest -->
