<?xml version="1.0" encoding="UTF-8"?>
<!-- Generated by org.testng.reporters.JUnitReportReporter -->
<testsuite hostname="DESKTOP-AG4Q1E3" failures="0" tests="1" name="com.walmart.qa.test.GuestUserTest" time="26.668" errors="0" timestamp="04 Feb. 2021 00:17:37 GMT" skipped="0">
  <testcase classname="com.walmart.qa.test.GuestUserTest" name="pagerange" time="26.668"/>
</testsuite> <!-- com.walmart.qa.test.GuestUserTest -->
